[debug] [2020-11-30T21:08:25.107Z] ----------------------------------------------------------------------
[debug] [2020-11-30T21:08:25.109Z] Command:       /usr/local/bin/firebase /Users/ivanahuckova/.cache/firebase/tools/lib/node_modules/firebase-tools/lib/bin/firebase deploy
[debug] [2020-11-30T21:08:25.109Z] CLI Version:   7.6.2
[debug] [2020-11-30T21:08:25.109Z] Platform:      darwin
[debug] [2020-11-30T21:08:25.109Z] Node Version:  v10.15.3
[debug] [2020-11-30T21:08:25.110Z] Time:          Mon Nov 30 2020 22:08:25 GMT+0100 (Central European Standard Time)
[debug] [2020-11-30T21:08:25.110Z] ----------------------------------------------------------------------
[debug] [2020-11-30T21:08:25.110Z] 
[debug] [2020-11-30T21:08:25.124Z] > command requires scopes: ["email","openid","https://www.googleapis.com/auth/cloudplatformprojects.readonly","https://www.googleapis.com/auth/firebase","https://www.googleapis.com/auth/cloud-platform"]
[debug] [2020-11-30T21:08:25.125Z] > authorizing via signed-in user
[debug] [2020-11-30T21:08:25.125Z] [iam] checking project neonka-2a7b3 for permissions ["firebase.projects.get","firebasehosting.sites.update"]
[debug] [2020-11-30T21:08:25.127Z] > refreshing access token with scopes: ["email","https://www.googleapis.com/auth/cloud-platform","https://www.googleapis.com/auth/cloudplatformprojects.readonly","https://www.googleapis.com/auth/firebase","openid"]
[debug] [2020-11-30T21:08:25.127Z] >>> HTTP REQUEST POST https://www.googleapis.com/oauth2/v3/token  
 <request body omitted>
[debug] [2020-11-30T21:08:25.389Z] <<< HTTP RESPONSE 200
[debug] [2020-11-30T21:08:25.411Z] >>> HTTP REQUEST POST https://cloudresourcemanager.googleapis.com/v1/projects/neonka-2a7b3:testIamPermissions  

[debug] [2020-11-30T21:08:26.345Z] <<< HTTP RESPONSE 200
[debug] [2020-11-30T21:08:26.349Z] >>> HTTP REQUEST GET https://firebase.googleapis.com/v1beta1/projects/neonka-2a7b3  
 
[debug] [2020-11-30T21:08:26.638Z] <<< HTTP RESPONSE 200
[info] 
[info] === Deploying to 'neonka-2a7b3'...
[info] 
[info] i  deploying hosting
[debug] [2020-11-30T21:08:26.641Z] >>> HTTP REQUEST POST https://firebasehosting.googleapis.com/v1beta1/sites/neonka-2a7b3/versions  

[debug] [2020-11-30T21:08:28.395Z] <<< HTTP RESPONSE 200
[info] i  hosting[neonka-2a7b3]: beginning deploy...
[info] i  hosting[neonka-2a7b3]: found 29 files in build
[debug] [2020-11-30T21:08:28.661Z] [hosting] hash cache [YnVpbGQ] stored for 29 files
[debug] [2020-11-30T21:08:28.661Z] [hosting][hash queue][FINAL]
[debug] [2020-11-30T21:08:28.661Z] >>> HTTP REQUEST POST https://firebasehosting.googleapis.com/v1beta1/sites/neonka-2a7b3/versions/630a1cea1769f84e:populateFiles  
 <request body omitted>
[debug] [2020-11-30T21:08:29.932Z] <<< HTTP RESPONSE 200
[debug] [2020-11-30T21:08:29.941Z] [hosting][populate queue][FINAL]
[debug] [2020-11-30T21:08:29.941Z] [hosting] uploads queued: 8
