[debug] [2019-08-31T21:52:27.344Z] ----------------------------------------------------------------------
[debug] [2019-08-31T21:52:27.346Z] Command:       /Users/ivanahuckova/.nvm/versions/node/v10.15.0/bin/node /Users/ivanahuckova/.nvm/versions/node/v10.15.0/bin/firebase deploy
[debug] [2019-08-31T21:52:27.346Z] CLI Version:   6.9.2
[debug] [2019-08-31T21:52:27.346Z] Platform:      darwin
[debug] [2019-08-31T21:52:27.346Z] Node Version:  v10.15.0
[debug] [2019-08-31T21:52:27.347Z] Time:          Sat Aug 31 2019 23:52:27 GMT+0200 (Central European Summer Time)
[debug] [2019-08-31T21:52:27.347Z] ----------------------------------------------------------------------
[debug] 
[debug] [2019-08-31T21:52:27.358Z] > command requires scopes: ["email","openid","https://www.googleapis.com/auth/cloudplatformprojects.readonly","https://www.googleapis.com/auth/firebase","https://www.googleapis.com/auth/cloud-platform"]
[debug] [2019-08-31T21:52:27.358Z] > authorizing via signed-in user
[debug] [2019-08-31T21:52:27.358Z] [iam] checking project neonka-2a7b3 for permissions ["firebase.projects.get","firebasehosting.sites.update"]
[debug] [2019-08-31T21:52:27.360Z] > refreshing access token with scopes: ["email","https://www.googleapis.com/auth/cloud-platform","https://www.googleapis.com/auth/cloudplatformprojects.readonly","https://www.googleapis.com/auth/firebase","openid"]
[debug] [2019-08-31T21:52:27.360Z] >>> HTTP REQUEST POST https://www.googleapis.com/oauth2/v3/token  
 <request body omitted>
[debug] [2019-08-31T21:52:27.652Z] <<< HTTP RESPONSE 200
[debug] [2019-08-31T21:52:27.662Z] >>> HTTP REQUEST POST https://cloudresourcemanager.googleapis.com/v1/projects/neonka-2a7b3:testIamPermissions  

[debug] [2019-08-31T21:52:28.589Z] <<< HTTP RESPONSE 200
[debug] [2019-08-31T21:52:28.591Z] >>> HTTP REQUEST GET https://firebase.googleapis.com/v1beta1/projects/neonka-2a7b3  
 
[debug] [2019-08-31T21:52:28.889Z] <<< HTTP RESPONSE 200
[info] 
[info] === Deploying to 'neonka-2a7b3'...
[info] 
[info] i  deploying hosting
[debug] [2019-08-31T21:52:28.893Z] >>> HTTP REQUEST POST https://firebasehosting.googleapis.com/v1beta1/sites/neonka-2a7b3/versions  

[debug] [2019-08-31T21:52:30.582Z] <<< HTTP RESPONSE 200
[info] i  hosting[neonka-2a7b3]: beginning deploy...
[info] i  hosting[neonka-2a7b3]: found 26 files in build
[debug] [2019-08-31T21:52:30.598Z] [hosting] hash cache [YnVpbGQ] load error: lines is not defined
